<?xml version="1.0" encoding="UTF-8"?>
<testng-results ignored="0" total="1" passed="1" failed="0" skipped="0">
  <reporter-output>
  </reporter-output>
  <suite started-at="2019-03-24T06:08:52Z" name="Default suite" finished-at="2019-03-24T06:09:37Z" duration-ms="44747">
    <groups>
    </groups>
    <test started-at="2019-03-24T06:08:52Z" name="Default test" finished-at="2019-03-24T06:09:37Z" duration-ms="44747">
      <class name="tests.smoke.Login">
        <test-method is-config="true" signature="beforeClass()[pri:0, instance:tests.smoke.Login@6eda5c9]" started-at="2019-03-24T06:08:52Z" name="beforeClass" finished-at="2019-03-24T06:09:23Z" duration-ms="31656" status="PASS">
          <reporter-output>
          </reporter-output>
        </test-method> <!-- beforeClass -->
        <test-method signature="validLogin()[pri:0, instance:tests.smoke.Login@6eda5c9]" started-at="2019-03-24T06:09:23Z" name="validLogin" finished-at="2019-03-24T06:09:37Z" duration-ms="13067" status="PASS">
          <reporter-output>
          </reporter-output>
        </test-method> <!-- validLogin -->
      </class> <!-- tests.smoke.Login -->
    </test> <!-- Default test -->
  </suite> <!-- Default suite -->
</testng-results>
